#
# There is insufficient memory for the Java Runtime Environment to continue.
# Native memory allocation (malloc) failed to allocate 1599856 bytes for Chunk::new
# Possible reasons:
#   The system is out of physical RAM or swap space
#   The process is running with CompressedOops enabled, and the Java Heap may be blocking the growth of the native heap
# Possible solutions:
#   Reduce memory load on the system
#   Increase physical memory or swap space
#   Check if swap backing store is full
#   Decrease Java heap size (-Xmx/-Xms)
#   Decrease number of Java threads
#   Decrease Java thread stack sizes (-Xss)
#   Set larger code cache with -XX:ReservedCodeCacheSize=
#   JVM is running with Unscaled Compressed Oops mode in which the Java heap is
#     placed in the first 4GB address space. The Java Heap base address is the
#     maximum limit for the native heap growth. Please use -XX:HeapBaseMinAddress
#     to set the Java Heap base and to place the Java Heap above 4GB virtual address.
# This output file may be truncated or incomplete.
#
#  Out of Memory Error (allocation.cpp:389), pid=11904, tid=0x0000000000002cbc
#
# JRE version: Java(TM) SE Runtime Environment (8.0_221-b11) (build 1.8.0_221-b11)
# Java VM: Java HotSpot(TM) 64-Bit Server VM (25.221-b11 mixed mode windows-amd64 compressed oops)
# Failed to write core dump. Minidumps are not enabled by default on client versions of Windows
#

---------------  T H R E A D  ---------------

Current thread (0x0000000017517800):  JavaThread "C2 CompilerThread0" daemon [_thread_in_native, id=11452, stack(0x0000000018b90000,0x0000000018c90000)]

Stack: [0x0000000018b90000,0x0000000018c90000]
[error occurred during error reporting (printing stack bounds), id 0xc0000005]

Native frames: (J=compiled Java code, j=interpreted, Vv=VM code, C=native code)


Current CompileTask:
C2:  26157 4467   !   4       java.security.SecureClassLoader::getProtectionDomain (114 bytes)


---------------  P R O C E S S  ---------------

Java Threads: ( => current thread )
  0x000000001dd0b000 JavaThread "jar transforms Thread 110" [_thread_blocked, id=14732, stack(0x0000000029390000,0x0000000029490000)]
  0x000000001dd09000 JavaThread "jar transforms Thread 109" [_thread_blocked, id=5012, stack(0x0000000029290000,0x0000000029390000)]
  0x000000001dc33000 JavaThread "jar transforms Thread 108" [_thread_blocked, id=11064, stack(0x0000000029190000,0x0000000029290000)]
  0x000000001dc34000 JavaThread "jar transforms Thread 107" [_thread_blocked, id=14344, stack(0x0000000029090000,0x0000000029190000)]
  0x000000001dc32800 JavaThread "jar transforms Thread 106" [_thread_blocked, id=8504, stack(0x0000000028f90000,0x0000000029090000)]
  0x000000001dc31800 JavaThread "jar transforms Thread 105" [_thread_blocked, id=12832, stack(0x0000000028e90000,0x0000000028f90000)]
  0x000000001dc2a000 JavaThread "jar transforms Thread 104" [_thread_blocked, id=13692, stack(0x0000000028d90000,0x0000000028e90000)]
  0x000000001dc31000 JavaThread "jar transforms Thread 103" [_thread_blocked, id=4776, stack(0x0000000028c90000,0x0000000028d90000)]
  0x000000001dc2f800 JavaThread "jar transforms Thread 102" [_thread_blocked, id=4136, stack(0x0000000028b90000,0x0000000028c90000)]
  0x000000001dc30000 JavaThread "jar transforms Thread 101" [_thread_blocked, id=12888, stack(0x0000000028a90000,0x0000000028b90000)]
  0x000000001dc2d000 JavaThread "jar transforms Thread 100" [_thread_blocked, id=13836, stack(0x0000000028990000,0x0000000028a90000)]
  0x000000001dc29800 JavaThread "jar transforms Thread 99" [_thread_blocked, id=9744, stack(0x0000000028890000,0x0000000028990000)]
  0x000000001dc2e800 JavaThread "jar transforms Thread 98" [_thread_blocked, id=12700, stack(0x0000000028790000,0x0000000028890000)]
  0x000000001dc2c800 JavaThread "jar transforms Thread 97" [_thread_blocked, id=12704, stack(0x0000000028690000,0x0000000028790000)]
  0x000000001dc2e000 JavaThread "jar transforms Thread 96" [_thread_blocked, id=9848, stack(0x0000000028590000,0x0000000028690000)]
  0x000000001dc25000 JavaThread "jar transforms Thread 95" [_thread_blocked, id=14712, stack(0x0000000028490000,0x0000000028590000)]
  0x000000001dc2b000 JavaThread "jar transforms Thread 94" [_thread_blocked, id=9224, stack(0x0000000028390000,0x0000000028490000)]
  0x000000001dc28800 JavaThread "jar transforms Thread 93" [_thread_blocked, id=11644, stack(0x0000000028290000,0x0000000028390000)]
  0x000000001dc2b800 JavaThread "jar transforms Thread 92" [_thread_blocked, id=12228, stack(0x0000000028190000,0x0000000028290000)]
  0x000000001dc28000 JavaThread "jar transforms Thread 91" [_thread_blocked, id=6372, stack(0x0000000028090000,0x0000000028190000)]
  0x000000001dc25800 JavaThread "jar transforms Thread 90" [_thread_blocked, id=17076, stack(0x0000000027f90000,0x0000000028090000)]
  0x000000001dc26800 JavaThread "jar transforms Thread 89" [_thread_blocked, id=11976, stack(0x0000000027e90000,0x0000000027f90000)]
  0x000000001dc27000 JavaThread "jar transforms Thread 88" [_thread_blocked, id=13196, stack(0x0000000027d90000,0x0000000027e90000)]
  0x000000001d987800 JavaThread "jar transforms Thread 87" [_thread_blocked, id=16988, stack(0x0000000027c90000,0x0000000027d90000)]
  0x000000001d986000 JavaThread "jar transforms Thread 86" [_thread_blocked, id=1268, stack(0x0000000027b90000,0x0000000027c90000)]
  0x000000001d987000 JavaThread "jar transforms Thread 85" [_thread_blocked, id=14876, stack(0x0000000027a90000,0x0000000027b90000)]
  0x000000001d984800 JavaThread "jar transforms Thread 84" [_thread_blocked, id=11224, stack(0x0000000027990000,0x0000000027a90000)]
  0x000000001d984000 JavaThread "jar transforms Thread 83" [_thread_blocked, id=9304, stack(0x0000000027890000,0x0000000027990000)]
  0x000000001d985800 JavaThread "jar transforms Thread 82" [_thread_blocked, id=15184, stack(0x0000000027790000,0x0000000027890000)]
  0x000000001d983000 JavaThread "jar transforms Thread 81" [_thread_blocked, id=4832, stack(0x0000000027690000,0x0000000027790000)]
  0x000000001d982800 JavaThread "jar transforms Thread 80" [_thread_blocked, id=10604, stack(0x0000000027590000,0x0000000027690000)]
  0x000000001d97a800 JavaThread "jar transforms Thread 79" [_thread_blocked, id=524, stack(0x0000000027490000,0x0000000027590000)]
  0x000000001d981800 JavaThread "jar transforms Thread 78" [_thread_blocked, id=13020, stack(0x0000000027390000,0x0000000027490000)]
  0x000000001d980800 JavaThread "jar transforms Thread 77" [_thread_blocked, id=13268, stack(0x0000000027290000,0x0000000027390000)]
  0x000000001d980000 JavaThread "jar transforms Thread 76" [_thread_blocked, id=14724, stack(0x0000000027190000,0x0000000027290000)]
  0x000000001d97a000 JavaThread "jar transforms Thread 75" [_thread_blocked, id=8592, stack(0x0000000027090000,0x0000000027190000)]
  0x000000001d978800 JavaThread "jar transforms Thread 74" [_thread_blocked, id=10220, stack(0x0000000026f90000,0x0000000027090000)]
  0x000000001d979000 JavaThread "jar transforms Thread 73" [_thread_blocked, id=1704, stack(0x0000000026e90000,0x0000000026f90000)]
  0x000000001d97d800 JavaThread "jar transforms Thread 72" [_thread_blocked, id=16636, stack(0x0000000026d90000,0x0000000026e90000)]
  0x000000001d97d000 JavaThread "jar transforms Thread 71" [_thread_blocked, id=6532, stack(0x0000000026c90000,0x0000000026d90000)]
  0x000000001d97b800 JavaThread "jar transforms Thread 70" [_thread_blocked, id=10772, stack(0x0000000026b90000,0x0000000026c90000)]
  0x000000001d97c000 JavaThread "jar transforms Thread 69" [_thread_blocked, id=3024, stack(0x0000000026a90000,0x0000000026b90000)]
  0x000000001d97f000 JavaThread "jar transforms Thread 68" [_thread_blocked, id=2972, stack(0x0000000026990000,0x0000000026a90000)]
  0x000000001d97e800 JavaThread "jar transforms Thread 67" [_thread_blocked, id=17392, stack(0x0000000026890000,0x0000000026990000)]
  0x00000000216ff000 JavaThread "jar transforms Thread 66" [_thread_blocked, id=836, stack(0x0000000026790000,0x0000000026890000)]
  0x00000000216fe800 JavaThread "jar transforms Thread 65" [_thread_blocked, id=13360, stack(0x0000000026690000,0x0000000026790000)]
  0x00000000216fd800 JavaThread "jar transforms Thread 64" [_thread_blocked, id=2504, stack(0x0000000026590000,0x0000000026690000)]
  0x00000000216fc000 JavaThread "jar transforms Thread 63" [_thread_blocked, id=9416, stack(0x0000000026490000,0x0000000026590000)]
  0x00000000216fa800 JavaThread "jar transforms Thread 62" [_thread_blocked, id=7636, stack(0x0000000026390000,0x0000000026490000)]
  0x00000000216fb800 JavaThread "jar transforms Thread 61" [_thread_blocked, id=2060, stack(0x0000000026290000,0x0000000026390000)]
  0x00000000216f9800 JavaThread "jar transforms Thread 60" [_thread_blocked, id=11980, stack(0x0000000026190000,0x0000000026290000)]
  0x00000000216fd000 JavaThread "jar transforms Thread 59" [_thread_blocked, id=10608, stack(0x0000000026090000,0x0000000026190000)]
  0x00000000216f9000 JavaThread "jar transforms Thread 58" [_thread_blocked, id=5996, stack(0x0000000025f90000,0x0000000026090000)]
  0x00000000216f1800 JavaThread "jar transforms Thread 57" [_thread_blocked, id=6808, stack(0x0000000025e90000,0x0000000025f90000)]
  0x00000000216f8000 JavaThread "jar transforms Thread 56" [_thread_blocked, id=1436, stack(0x0000000025d90000,0x0000000025e90000)]
  0x00000000216f4800 JavaThread "jar transforms Thread 55" [_thread_blocked, id=9132, stack(0x0000000025c90000,0x0000000025d90000)]
  0x00000000216f0800 JavaThread "jar transforms Thread 54" [_thread_blocked, id=11112, stack(0x0000000025b90000,0x0000000025c90000)]
  0x00000000216f3000 JavaThread "jar transforms Thread 53" [_thread_blocked, id=2964, stack(0x0000000025a90000,0x0000000025b90000)]
  0x00000000216f3800 JavaThread "jar transforms Thread 52" [_thread_blocked, id=1224, stack(0x0000000025990000,0x0000000025a90000)]
  0x00000000216f5000 JavaThread "jar transforms Thread 51" [_thread_blocked, id=14164, stack(0x0000000025890000,0x0000000025990000)]
  0x00000000216f7800 JavaThread "jar transforms Thread 50" [_thread_blocked, id=11368, stack(0x0000000025790000,0x0000000025890000)]
  0x00000000216f0000 JavaThread "jar transforms Thread 49" [_thread_blocked, id=2940, stack(0x0000000025690000,0x0000000025790000)]
  0x00000000216f6800 JavaThread "jar transforms Thread 48" [_thread_blocked, id=16468, stack(0x0000000025590000,0x0000000025690000)]
  0x00000000216f6000 JavaThread "jar transforms Thread 47" [_thread_blocked, id=7280, stack(0x0000000025490000,0x0000000025590000)]
  0x00000000216f2000 JavaThread "jar transforms Thread 46" [_thread_blocked, id=6636, stack(0x0000000025390000,0x0000000025490000)]
  0x000000001d6d8800 JavaThread "jar transforms Thread 45" [_thread_blocked, id=13596, stack(0x0000000025290000,0x0000000025390000)]
  0x000000001d6d6000 JavaThread "jar transforms Thread 44" [_thread_blocked, id=11600, stack(0x0000000025190000,0x0000000025290000)]
  0x000000001d6d5800 JavaThread "jar transforms Thread 43" [_thread_blocked, id=908, stack(0x0000000025090000,0x0000000025190000)]
  0x000000001d6da800 JavaThread "jar transforms Thread 42" [_thread_blocked, id=14192, stack(0x0000000024f90000,0x0000000025090000)]
  0x000000001d6da000 JavaThread "jar transforms Thread 41" [_thread_blocked, id=17196, stack(0x0000000024e90000,0x0000000024f90000)]
  0x000000001d6db800 JavaThread "jar transforms Thread 40" [_thread_blocked, id=17224, stack(0x0000000024d90000,0x0000000024e90000)]
  0x000000001d6dc000 JavaThread "jar transforms Thread 39" [_thread_blocked, id=9180, stack(0x0000000024c90000,0x0000000024d90000)]
  0x000000001d6d7800 JavaThread "jar transforms Thread 38" [_thread_blocked, id=6304, stack(0x0000000024b90000,0x0000000024c90000)]
  0x000000001d6d9000 JavaThread "jar transforms Thread 37" [_thread_blocked, id=10872, stack(0x0000000024a90000,0x0000000024b90000)]
  0x000000001d6d7000 JavaThread "jar transforms Thread 36" [_thread_blocked, id=12708, stack(0x0000000024990000,0x0000000024a90000)]
  0x000000001d6b8000 JavaThread "jar transforms Thread 35" [_thread_blocked, id=15424, stack(0x0000000024890000,0x0000000024990000)]
  0x000000001d6b6800 JavaThread "jar transforms Thread 34" [_thread_blocked, id=12332, stack(0x0000000024790000,0x0000000024890000)]
  0x000000001d6b6000 JavaThread "jar transforms Thread 33" [_thread_blocked, id=2832, stack(0x0000000024690000,0x0000000024790000)]
  0x000000001d6b5000 JavaThread "jar transforms Thread 32" [_thread_blocked, id=13384, stack(0x0000000024590000,0x0000000024690000)]
  0x000000001d6b9800 JavaThread "jar transforms Thread 31" [_thread_blocked, id=16796, stack(0x0000000024490000,0x0000000024590000)]
  0x000000001d6b9000 JavaThread "jar transforms Thread 30" [_thread_blocked, id=944, stack(0x0000000024390000,0x0000000024490000)]
  0x000000001d6b0800 JavaThread "jar transforms Thread 29" [_thread_blocked, id=13644, stack(0x0000000024290000,0x0000000024390000)]
  0x000000001d6b3800 JavaThread "jar transforms Thread 28" [_thread_blocked, id=15224, stack(0x0000000024190000,0x0000000024290000)]
  0x000000001d6b4800 JavaThread "jar transforms Thread 27" [_thread_blocked, id=14224, stack(0x0000000024090000,0x0000000024190000)]
  0x000000001d6b7800 JavaThread "jar transforms Thread 26" [_thread_blocked, id=2432, stack(0x0000000023f90000,0x0000000024090000)]
  0x000000001d6ad000 JavaThread "jar transforms Thread 25" [_thread_blocked, id=2492, stack(0x0000000023e90000,0x0000000023f90000)]
  0x000000001d6ac000 JavaThread "jar transforms Thread 24" [_thread_blocked, id=17056, stack(0x0000000023d90000,0x0000000023e90000)]
  0x000000001d6b3000 JavaThread "jar transforms Thread 23" [_thread_blocked, id=11472, stack(0x0000000023c90000,0x0000000023d90000)]
  0x000000001d6ae800 JavaThread "jar transforms Thread 22" [_thread_blocked, id=16388, stack(0x0000000023b90000,0x0000000023c90000)]
  0x000000001d6ab800 JavaThread "jar transforms Thread 21" [_thread_blocked, id=11908, stack(0x0000000023a90000,0x0000000023b90000)]
  0x000000001d6b2000 JavaThread "jar transforms Thread 20" [_thread_blocked, id=5024, stack(0x0000000023990000,0x0000000023a90000)]
  0x000000001d6af000 JavaThread "jar transforms Thread 19" [_thread_blocked, id=1336, stack(0x0000000023890000,0x0000000023990000)]
  0x000000001d6b0000 JavaThread "Build operations Thread 4" [_thread_blocked, id=13460, stack(0x0000000023790000,0x0000000023890000)]
  0x000000001d6aa800 JavaThread "Build operations Thread 3" [_thread_blocked, id=12204, stack(0x0000000023690000,0x0000000023790000)]
  0x000000001d6ad800 JavaThread "Build operations Thread 2" [_thread_blocked, id=7768, stack(0x0000000023590000,0x0000000023690000)]
  0x000000001d6b1800 JavaThread "Build operations" [_thread_blocked, id=224, stack(0x0000000023490000,0x0000000023590000)]
  0x00000000195ef800 JavaThread "Cache worker for Build Output Cleanup Cache (E:\C\AndroidStudioProjects\Soundapp\.gradle\buildOutputCleanup)" [_thread_blocked, id=16036, stack(0x0000000023190000,0x0000000023290000)]
  0x00000000195ee000 JavaThread "Cache worker for file content cache (C:\Users\NUMBER 1\.gradle\caches\6.9\fileContent)" [_thread_blocked, id=5356, stack(0x0000000020a80000,0x0000000020b80000)]
  0x00000000195ec800 JavaThread "File lock release action executor" [_thread_blocked, id=588, stack(0x0000000020380000,0x0000000020480000)]
  0x00000000195f0000 JavaThread "Cache worker for execution history cache (C:\Users\NUMBER 1\.gradle\caches\6.9\executionHistory)" [_thread_blocked, id=15924, stack(0x0000000020280000,0x0000000020380000)]
  0x00000000195e5000 JavaThread "Cache worker for cache directory md-rule (C:\Users\NUMBER 1\.gradle\caches\6.9\md-rule)" [_thread_blocked, id=5232, stack(0x000000001ff80000,0x0000000020080000)]
  0x00000000195eb800 JavaThread "Cache worker for cache directory md-supplier (C:\Users\NUMBER 1\.gradle\caches\6.9\md-supplier)" [_thread_blocked, id=16800, stack(0x000000001fe80000,0x000000001ff80000)]
  0x00000000195eb000 JavaThread "Cache worker for checksums cache (E:\C\AndroidStudioProjects\Soundapp\.gradle\checksums)" [_thread_blocked, id=9868, stack(0x000000001fd80000,0x000000001fe80000)]
  0x00000000195ea000 JavaThread "jar transforms Thread 18" [_thread_blocked, id=14776, stack(0x000000001fa80000,0x000000001fb80000)]
  0x00000000195e9800 JavaThread "jar transforms Thread 17" [_thread_blocked, id=3508, stack(0x000000001f980000,0x000000001fa80000)]
  0x00000000195e8800 JavaThread "jar transforms Thread 16" [_thread_blocked, id=8644, stack(0x000000001f880000,0x000000001f980000)]
  0x00000000195e3800 JavaThread "jar transforms Thread 15" [_thread_blocked, id=13824, stack(0x000000001f780000,0x000000001f880000)]
  0x00000000195e1000 JavaThread "jar transforms Thread 14" [_thread_blocked, id=10404, stack(0x000000001f680000,0x000000001f780000)]
  0x00000000195e8000 JavaThread "jar transforms Thread 13" [_thread_blocked, id=11332, stack(0x000000001f580000,0x000000001f680000)]
  0x00000000195e2800 JavaThread "jar transforms Thread 12" [_thread_blocked, id=13112, stack(0x000000001f480000,0x000000001f580000)]
  0x00000000195e4000 JavaThread "jar transforms Thread 11" [_thread_blocked, id=7444, stack(0x000000001f380000,0x000000001f480000)]
  0x00000000195e7000 JavaThread "jar transforms Thread 10" [_thread_blocked, id=12152, stack(0x000000001f280000,0x000000001f380000)]
  0x00000000195e2000 JavaThread "jar transforms Thread 9" [_thread_blocked, id=16960, stack(0x000000001f180000,0x000000001f280000)]
  0x00000000195e5800 JavaThread "jar transforms Thread 8" [_thread_blocked, id=10880, stack(0x000000001f080000,0x000000001f180000)]
  0x00000000195e6800 JavaThread "jar transforms Thread 7" [_thread_blocked, id=5344, stack(0x000000001ef80000,0x000000001f080000)]
  0x000000001b1d4000 JavaThread "jar transforms Thread 6" [_thread_blocked, id=12092, stack(0x000000001ee80000,0x000000001ef80000)]
  0x000000001b1d3000 JavaThread "jar transforms Thread 5" [_thread_blocked, id=17232, stack(0x000000001ed80000,0x000000001ee80000)]
  0x000000001b1d2800 JavaThread "jar transforms Thread 4" [_thread_blocked, id=13188, stack(0x000000001ec80000,0x000000001ed80000)]
  0x000000001b1d8800 JavaThread "jar transforms Thread 3" [_thread_blocked, id=2540, stack(0x000000001eb80000,0x000000001ec80000)]
  0x000000001b1d7800 JavaThread "jar transforms Thread 2" [_thread_blocked, id=17036, stack(0x000000001ea80000,0x000000001eb80000)]
  0x000000001b1d7000 JavaThread "jar transforms" [_thread_blocked, id=10104, stack(0x000000001e980000,0x000000001ea80000)]
  0x000000001b1d6000 JavaThread "Cache worker for file hash cache (E:\C\AndroidStudioProjects\Soundapp\.gradle\6.9\fileHashes)" [_thread_blocked, id=6116, stack(0x000000001e880000,0x000000001e980000)]
  0x000000001b1d9000 JavaThread "Cache worker for journal cache (C:\Users\NUMBER 1\.gradle\caches\journal-1)" [_thread_blocked, id=752, stack(0x000000001e480000,0x000000001e580000)]
  0x000000001b1d5800 JavaThread "File lock request listener" [_thread_in_native, id=15488, stack(0x000000001d1b0000,0x000000001d2b0000)]
  0x000000001b1d4800 JavaThread "Cache worker for file hash cache (C:\Users\NUMBER 1\.gradle\caches\6.9\fileHashes)" [_thread_blocked, id=13300, stack(0x000000001d0b0000,0x000000001d1b0000)]
  0x000000001aff6000 JavaThread "Daemon client event forwarder" [_thread_blocked, id=7524, stack(0x000000001cdb0000,0x000000001ceb0000)]
  0x000000001aff5800 JavaThread "Stdin handler" [_thread_blocked, id=15908, stack(0x000000001ccb0000,0x000000001cdb0000)]
  0x000000001b015000 JavaThread "Asynchronous log dispatcher for DefaultDaemonConnection: socket connection from /127.0.0.1:57692 to /127.0.0.1:57693" [_thread_blocked, id=14040, stack(0x000000001cbb0000,0x000000001ccb0000)]
  0x000000001aff5000 JavaThread "Daemon worker" [_thread_in_native, id=4016, stack(0x000000001cab0000,0x000000001cbb0000)]
  0x000000001afec000 JavaThread "Cancel handler" [_thread_blocked, id=4928, stack(0x000000001c9b0000,0x000000001cab0000)]
  0x000000001af70000 JavaThread "Handler for socket connection from /127.0.0.1:57692 to /127.0.0.1:57693" [_thread_in_native, id=8840, stack(0x000000001c8b0000,0x000000001c9b0000)]
  0x000000001af6d000 JavaThread "Daemon" [_thread_blocked, id=17388, stack(0x000000001c7b0000,0x000000001c8b0000)]
  0x000000001af67800 JavaThread "Daemon periodic checks" [_thread_blocked, id=252, stack(0x000000001c4b0000,0x000000001c5b0000)]
  0x000000001af65000 JavaThread "Incoming local TCP Connector on port 57692" [_thread_in_native, id=15796, stack(0x000000001c270000,0x000000001c370000)]
  0x000000001acee000 JavaThread "Daemon health stats" [_thread_blocked, id=6552, stack(0x000000001be30000,0x000000001bf30000)]
  0x0000000018df9800 JavaThread "Service Thread" daemon [_thread_blocked, id=3676, stack(0x0000000019290000,0x0000000019390000)]
  0x000000001756e000 JavaThread "C1 CompilerThread2" daemon [_thread_blocked, id=6712, stack(0x0000000019190000,0x0000000019290000)]
  0x000000001751e000 JavaThread "C2 CompilerThread1" daemon [_thread_in_native, id=8972, stack(0x0000000018c90000,0x0000000018d90000)]
=>0x0000000017517800 JavaThread "C2 CompilerThread0" daemon [_thread_in_native, id=11452, stack(0x0000000018b90000,0x0000000018c90000)]
  0x0000000017515800 JavaThread "Attach Listener" daemon [_thread_blocked, id=4160, stack(0x0000000018a90000,0x0000000018b90000)]
  0x0000000017564800 JavaThread "Signal Dispatcher" daemon [_thread_blocked, id=13764, stack(0x0000000018990000,0x0000000018a90000)]
  0x00000000028b5000 JavaThread "Finalizer" daemon [_thread_blocked, id=12032, stack(0x0000000018770000,0x0000000018870000)]
  0x00000000028b2000 JavaThread "Reference Handler" daemon [_thread_blocked, id=13676, stack(0x0000000018670000,0x0000000018770000)]
  0x0000000000bae800 JavaThread "main" [_thread_blocked, id=9032, stack(0x00000000026c0000,0x00000000027c0000)]

Other Threads:
  0x00000000174d7800 VMThread [stack: 0x0000000018570000,0x0000000018670000] [id=3900]
  0x0000000018e05800 WatcherThread [stack: 0x0000000019390000,0x0000000019490000] [id=17260]

VM state:not at safepoint (normal execution)

VM Mutex/Monitor currently owned by a thread: None

heap address: 0x0000000080000000, size: 2048 MB, Compressed Oops mode: 32-bit
Narrow klass base: 0x0000000000000000, Narrow klass shift: 3
Compressed class space size: 1073741824 Address: 0x0000000100000000

Heap:
 PSYoungGen      total 140288K, used 68116K [0x00000000d5580000, 0x00000000dea80000, 0x0000000100000000)
  eden space 129536K, 44% used [0x00000000d5580000,0x00000000d8d8ca68,0x00000000dd400000)
  from space 10752K, 99% used [0x00000000dd400000,0x00000000dde785a0,0x00000000dde80000)
  to   space 10752K, 0% used [0x00000000de000000,0x00000000de000000,0x00000000dea80000)
 ParOldGen       total 141312K, used 17238K [0x0000000080000000, 0x0000000088a00000, 0x00000000d5580000)
  object space 141312K, 12% used [0x0000000080000000,0x00000000810d59f8,0x0000000088a00000)
 Metaspace       used 41635K, capacity 43812K, committed 43992K, reserved 1087488K
  class space    used 5854K, capacity 6314K, committed 6360K, reserved 1048576K

Card table byte_map: [0x0000000011c80000,0x0000000012090000] byte_map_base: 0x0000000011880000

Marking Bits: (ParMarkBitMap*) 0x00000000521d5ce0
 Begin Bits: [0x0000000012740000, 0x0000000014740000)
 End Bits:   [0x0000000014740000, 0x0000000016740000)

Polling page: 0x0000000000eb0000

CodeCache: size=245760Kb used=13971Kb max_used=14144Kb free=231789Kb
 bounds [0x00000000028c0000, 0x00000000036a0000, 0x00000000118c0000]
 total_blobs=4915 nmethods=4182 adapters=645
 compilation: enabled

Compilation events (10 events):
Event: 26.147 Thread 0x000000001756e000 4482       1       java.lang.invoke.DirectMethodHandle$Special::isInvokeSpecial (2 bytes)
Event: 26.147 Thread 0x000000001756e000 nmethod 4482 0x00000000029f3d10 code [0x00000000029f3e60, 0x00000000029f3f70]
Event: 26.149 Thread 0x000000001756e000 4483       1       com.android.build.gradle.options.BooleanOption::getPropertyName (5 bytes)
Event: 26.149 Thread 0x000000001756e000 nmethod 4483 0x000000000368de50 code [0x000000000368dfa0, 0x000000000368e0b0]
Event: 26.149 Thread 0x000000001756e000 4484       3       java.util.stream.ReduceOps$3ReducingSink::accept (15 bytes)
Event: 26.149 Thread 0x000000001756e000 nmethod 4484 0x0000000002b42cd0 code [0x0000000002b42e40, 0x0000000002b43068]
Event: 26.150 Thread 0x000000001756e000 4485       3       java.util.stream.Collectors$$Lambda$333/1976260232::accept (21 bytes)
Event: 26.150 Thread 0x000000001756e000 nmethod 4485 0x0000000002b78e10 code [0x0000000002b78fc0, 0x0000000002b79508]
Event: 26.150 Thread 0x000000001756e000 4486       1       com.google.common.collect.ImmutableEntry::getKey (5 bytes)
Event: 26.150 Thread 0x000000001756e000 nmethod 4486 0x0000000002b55090 code [0x0000000002b551e0, 0x0000000002b552f0]

GC Heap History (10 events):
Event: 13.637 GC heap before
{Heap before GC invocations=5 (full 1):
 PSYoungGen      total 140288K, used 8450K [0x00000000d5580000, 0x00000000dea80000, 0x0000000100000000)
  eden space 129536K, 0% used [0x00000000d5580000,0x00000000d5580000,0x00000000dd400000)
  from space 10752K, 78% used [0x00000000de000000,0x00000000de840b00,0x00000000dea80000)
  to   space 10752K, 0% used [0x00000000dd400000,0x00000000dd400000,0x00000000dde80000)
 ParOldGen       total 175104K, used 175K [0x0000000080000000, 0x000000008ab00000, 0x00000000d5580000)
  object space 175104K, 0% used [0x0000000080000000,0x000000008002bde8,0x000000008ab00000)
 Metaspace       used 20299K, capacity 21058K, committed 21248K, reserved 1067008K
  class space    used 2998K, capacity 3201K, committed 3328K, reserved 1048576K
Event: 13.715 GC heap after
Heap after GC invocations=5 (full 1):
 PSYoungGen      total 140288K, used 0K [0x00000000d5580000, 0x00000000dea80000, 0x0000000100000000)
  eden space 129536K, 0% used [0x00000000d5580000,0x00000000d5580000,0x00000000dd400000)
  from space 10752K, 0% used [0x00000000de000000,0x00000000de000000,0x00000000dea80000)
  to   space 10752K, 0% used [0x00000000dd400000,0x00000000dd400000,0x00000000dde80000)
 ParOldGen       total 93696K, used 8259K [0x0000000080000000, 0x0000000085b80000, 0x00000000d5580000)
  object space 93696K, 8% used [0x0000000080000000,0x0000000080810f58,0x0000000085b80000)
 Metaspace       used 20299K, capacity 21058K, committed 21248K, reserved 1067008K
  class space    used 2998K, capacity 3201K, committed 3328K, reserved 1048576K
}
Event: 19.773 GC heap before
{Heap before GC invocations=6 (full 1):
 PSYoungGen      total 140288K, used 129536K [0x00000000d5580000, 0x00000000dea80000, 0x0000000100000000)
  eden space 129536K, 100% used [0x00000000d5580000,0x00000000dd400000,0x00000000dd400000)
  from space 10752K, 0% used [0x00000000de000000,0x00000000de000000,0x00000000dea80000)
  to   space 10752K, 0% used [0x00000000dd400000,0x00000000dd400000,0x00000000dde80000)
 ParOldGen       total 93696K, used 8259K [0x0000000080000000, 0x0000000085b80000, 0x00000000d5580000)
  object space 93696K, 8% used [0x0000000080000000,0x0000000080810f58,0x0000000085b80000)
 Metaspace       used 32338K, capacity 33624K, committed 33920K, reserved 1079296K
  class space    used 4572K, capacity 4873K, committed 4992K, reserved 1048576K
Event: 19.956 GC heap after
Heap after GC invocations=6 (full 1):
 PSYoungGen      total 140288K, used 10734K [0x00000000d5580000, 0x00000000dea80000, 0x0000000100000000)
  eden space 129536K, 0% used [0x00000000d5580000,0x00000000d5580000,0x00000000dd400000)
  from space 10752K, 99% used [0x00000000dd400000,0x00000000dde7b8e8,0x00000000dde80000)
  to   space 10752K, 0% used [0x00000000de000000,0x00000000de000000,0x00000000dea80000)
 ParOldGen       total 93696K, used 11328K [0x0000000080000000, 0x0000000085b80000, 0x00000000d5580000)
  object space 93696K, 12% used [0x0000000080000000,0x0000000080b10118,0x0000000085b80000)
 Metaspace       used 32338K, capacity 33624K, committed 33920K, reserved 1079296K
  class space    used 4572K, capacity 4873K, committed 4992K, reserved 1048576K
}
Event: 21.138 GC heap before
{Heap before GC invocations=7 (full 1):
 PSYoungGen      total 140288K, used 49747K [0x00000000d5580000, 0x00000000dea80000, 0x0000000100000000)
  eden space 129536K, 30% used [0x00000000d5580000,0x00000000d7b995d0,0x00000000dd400000)
  from space 10752K, 99% used [0x00000000dd400000,0x00000000dde7b8e8,0x00000000dde80000)
  to   space 10752K, 0% used [0x00000000de000000,0x00000000de000000,0x00000000dea80000)
 ParOldGen       total 93696K, used 11328K [0x0000000080000000, 0x0000000085b80000, 0x00000000d5580000)
  object space 93696K, 12% used [0x0000000080000000,0x0000000080b10118,0x0000000085b80000)
 Metaspace       used 33908K, capacity 35312K, committed 35416K, reserved 1079296K
  class space    used 4813K, capacity 5163K, committed 5208K, reserved 1048576K
Event: 21.190 GC heap after
Heap after GC invocations=7 (full 1):
 PSYoungGen      total 140288K, used 9484K [0x00000000d5580000, 0x00000000dea80000, 0x0000000100000000)
  eden space 129536K, 0% used [0x00000000d5580000,0x00000000d5580000,0x00000000dd400000)
  from space 10752K, 88% used [0x00000000de000000,0x00000000de943118,0x00000000dea80000)
  to   space 10752K, 0% used [0x00000000dd400000,0x00000000dd400000,0x00000000dde80000)
 ParOldGen       total 93696K, used 11328K [0x0000000080000000, 0x0000000085b80000, 0x00000000d5580000)
  object space 93696K, 12% used [0x0000000080000000,0x0000000080b10118,0x0000000085b80000)
 Metaspace       used 33908K, capacity 35312K, committed 35416K, reserved 1079296K
  class space    used 4813K, capacity 5163K, committed 5208K, reserved 1048576K
}
Event: 21.190 GC heap before
{Heap before GC invocations=8 (full 2):
 PSYoungGen      total 140288K, used 9484K [0x00000000d5580000, 0x00000000dea80000, 0x0000000100000000)
  eden space 129536K, 0% used [0x00000000d5580000,0x00000000d5580000,0x00000000dd400000)
  from space 10752K, 88% used [0x00000000de000000,0x00000000de943118,0x00000000dea80000)
  to   space 10752K, 0% used [0x00000000dd400000,0x00000000dd400000,0x00000000dde80000)
 ParOldGen       total 93696K, used 11328K [0x0000000080000000, 0x0000000085b80000, 0x00000000d5580000)
  object space 93696K, 12% used [0x0000000080000000,0x0000000080b10118,0x0000000085b80000)
 Metaspace       used 33908K, capacity 35312K, committed 35416K, reserved 1079296K
  class space    used 4813K, capacity 5163K, committed 5208K, reserved 1048576K
Event: 21.428 GC heap after
Heap after GC invocations=8 (full 2):
 PSYoungGen      total 140288K, used 0K [0x00000000d5580000, 0x00000000dea80000, 0x0000000100000000)
  eden space 129536K, 0% used [0x00000000d5580000,0x00000000d5580000,0x00000000dd400000)
  from space 10752K, 0% used [0x00000000de000000,0x00000000de000000,0x00000000dea80000)
  to   space 10752K, 0% used [0x00000000dd400000,0x00000000dd400000,0x00000000dde80000)
 ParOldGen       total 141312K, used 16382K [0x0000000080000000, 0x0000000088a00000, 0x00000000d5580000)
  object space 141312K, 11% used [0x0000000080000000,0x0000000080fff808,0x0000000088a00000)
 Metaspace       used 33908K, capacity 35312K, committed 35416K, reserved 1079296K
  class space    used 4813K, capacity 5163K, committed 5208K, reserved 1048576K
}
Event: 25.134 GC heap before
{Heap before GC invocations=9 (full 2):
 PSYoungGen      total 140288K, used 129536K [0x00000000d5580000, 0x00000000dea80000, 0x0000000100000000)
  eden space 129536K, 100% used [0x00000000d5580000,0x00000000dd400000,0x00000000dd400000)
  from space 10752K, 0% used [0x00000000de000000,0x00000000de000000,0x00000000dea80000)
  to   space 10752K, 0% used [0x00000000dd400000,0x00000000dd400000,0x00000000dde80000)
 ParOldGen       total 141312K, used 16382K [0x0000000080000000, 0x0000000088a00000, 0x00000000d5580000)
  object space 141312K, 11% used [0x0000000080000000,0x0000000080fff808,0x0000000088a00000)
 Metaspace       used 39930K, capacity 41910K, committed 42200K, reserved 1085440K
  class space    used 5631K, capacity 6054K, committed 6104K, reserved 1048576K
Event: 25.146 GC heap after
Heap after GC invocations=9 (full 2):
 PSYoungGen      total 140288K, used 10721K [0x00000000d5580000, 0x00000000dea80000, 0x0000000100000000)
  eden space 129536K, 0% used [0x00000000d5580000,0x00000000d5580000,0x00000000dd400000)
  from space 10752K, 99% used [0x00000000dd400000,0x00000000dde785a0,0x00000000dde80000)
  to   space 10752K, 0% used [0x00000000de000000,0x00000000de000000,0x00000000dea80000)
 ParOldGen       total 141312K, used 17238K [0x0000000080000000, 0x0000000088a00000, 0x00000000d5580000)
  object space 141312K, 12% used [0x0000000080000000,0x00000000810d59f8,0x0000000088a00000)
 Metaspace       used 39930K, capacity 41910K, committed 42200K, reserved 1085440K
  class space    used 5631K, capacity 6054K, committed 6104K, reserved 1048576K
}

Deoptimization events (10 events):
Event: 23.023 Thread 0x000000001aff5000 Uncommon trap: reason=unstable_if action=reinterpret pc=0x00000000031e2684 method=org.gradle.internal.reflect.PropertyAccessorType.isGetGetterName(Ljava/lang/String;)Z @ 14
Event: 24.216 Thread 0x000000001aff5000 Uncommon trap: reason=unstable_if action=reinterpret pc=0x0000000002b8fa98 method=java.net.URI.match(CJJ)Z @ 45
Event: 24.306 Thread 0x000000001aff5000 Uncommon trap: reason=unstable_if action=reinterpret pc=0x0000000002b9dda0 method=java.net.URI.match(CJJ)Z @ 45
Event: 24.308 Thread 0x000000001aff5000 Uncommon trap: reason=unstable_if action=reinterpret pc=0x0000000002a9fb20 method=java.net.URI.match(CJJ)Z @ 45
Event: 25.172 Thread 0x000000001aff5000 Uncommon trap: reason=unstable_if action=reinterpret pc=0x000000000356d498 method=com.esotericsoftware.kryo.io.Input.readUtf8Length(I)I @ 9
Event: 25.201 Thread 0x000000001aff5000 Uncommon trap: reason=unstable_if action=reinterpret pc=0x00000000029dc89c method=java.util.concurrent.ConcurrentHashMap.addCount(JI)V @ 34
Event: 25.202 Thread 0x000000001aff5000 Uncommon trap: reason=unstable_if action=reinterpret pc=0x0000000002c7217c method=java.util.concurrent.ConcurrentHashMap.addCount(JI)V @ 7
Event: 25.607 Thread 0x000000001aff5000 Uncommon trap: reason=unstable_if action=reinterpret pc=0x0000000002c82a38 method=java.util.jar.JarFile.match([C[B[I[I)Z @ 29
Event: 25.699 Thread 0x000000001aff5000 Uncommon trap: reason=unstable_if action=reinterpret pc=0x0000000002db4d60 method=java.util.WeakHashMap.expungeStaleEntries()V @ 66
Event: 26.144 Thread 0x000000001aff5000 Uncommon trap: reason=unstable_if action=reinterpret pc=0x000000000301d3b8 method=java.io.BufferedInputStream.read([BII)I @ 56

Classes redefined (0 events):
No events

Internal exceptions (10 events):
Event: 25.690 Thread 0x000000001aff5000 Exception <a 'java/lang/ClassNotFoundException': org/gradle/api/internal/ConventionTaskBeanInfo> (0x00000000d7d0a0d8) thrown at [C:\re\workspace\8-2-build-windows-amd64-cygwin\jdk8u221\13320\hotspot\src\share\vm\classfile\systemDictionary.cpp, line 210]
Event: 25.691 Thread 0x000000001aff5000 Exception <a 'java/lang/ClassNotFoundException': org/gradle/api/DefaultTaskBeanInfo> (0x00000000d7d38aa8) thrown at [C:\re\workspace\8-2-build-windows-amd64-cygwin\jdk8u221\13320\hotspot\src\share\vm\classfile\systemDictionary.cpp, line 210]
Event: 25.695 Thread 0x000000001aff5000 Exception <a 'java/lang/ClassNotFoundException': org/gradle/api/internal/AbstractTaskBeanInfo> (0x00000000d7d70598) thrown at [C:\re\workspace\8-2-build-windows-amd64-cygwin\jdk8u221\13320\hotspot\src\share\vm\classfile\systemDictionary.cpp, line 210]
Event: 25.697 Thread 0x000000001aff5000 Exception <a 'java/lang/ClassNotFoundException': org/gradle/api/internal/AbstractTaskCustomizer> (0x00000000d7da8fe0) thrown at [C:\re\workspace\8-2-build-windows-amd64-cygwin\jdk8u221\13320\hotspot\src\share\vm\classfile\systemDictionary.cpp, line 210]
Event: 25.703 Thread 0x000000001aff5000 Exception <a 'java/lang/ClassNotFoundException': org/gradle/api/DefaultTaskCustomizer> (0x00000000d7e41408) thrown at [C:\re\workspace\8-2-build-windows-amd64-cygwin\jdk8u221\13320\hotspot\src\share\vm\classfile\systemDictionary.cpp, line 210]
Event: 25.713 Thread 0x000000001aff5000 Exception <a 'java/lang/ClassNotFoundException': org/gradle/api/internal/ConventionTaskCustomizer> (0x00000000d7eef700) thrown at [C:\re\workspace\8-2-build-windows-amd64-cygwin\jdk8u221\13320\hotspot\src\share\vm\classfile\systemDictionary.cpp, line 210]
Event: 25.715 Thread 0x000000001aff5000 Exception <a 'java/lang/ClassNotFoundException': org/gradle/api/tasks/DeleteCustomizer> (0x00000000d7f34dd0) thrown at [C:\re\workspace\8-2-build-windows-amd64-cygwin\jdk8u221\13320\hotspot\src\share\vm\classfile\systemDictionary.cpp, line 210]
Event: 25.720 Thread 0x000000001aff5000 Exception <a 'java/lang/ClassNotFoundException': org/gradle/api/tasks/Delete_DecoratedCustomizer> (0x00000000d7f88750) thrown at [C:\re\workspace\8-2-build-windows-amd64-cygwin\jdk8u221\13320\hotspot\src\share\vm\classfile\systemDictionary.cpp, line 210]
Event: 25.767 Thread 0x000000001aff5000 Exception <a 'java/lang/ClassNotFoundException': build_9qebfsvcdpdxbsg74bykphrrrBeanInfo> (0x00000000d80f5de0) thrown at [C:\re\workspace\8-2-build-windows-amd64-cygwin\jdk8u221\13320\hotspot\src\share\vm\classfile\systemDictionary.cpp, line 210]
Event: 25.767 Thread 0x000000001aff5000 Exception <a 'java/lang/ClassNotFoundException': build_9qebfsvcdpdxbsg74bykphrrrCustomizer> (0x00000000d8102b30) thrown at [C:\re\workspace\8-2-build-windows-amd64-cygwin\jdk8u221\13320\hotspot\src\share\vm\classfile\systemDictionary.cpp, line 210]

Events (10 events):
Event: 26.150 loading class org/gradle/api/internal/GeneratedSubclasses
Event: 26.150 loading class org/gradle/api/internal/GeneratedSubclasses done
Event: 26.150 Thread 0x000000001756e000 flushing nmethod 0x0000000002d34550
Event: 26.151 loading class com/android/build/gradle/internal/EarlyDependencyResolutionListener
Event: 26.151 loading class com/android/build/gradle/internal/EarlyDependencyResolutionListener done
Event: 26.151 Thread 0x000000001756e000 flushing nmethod 0x0000000002d8ee50
Event: 26.151 Thread 0x000000001756e000 flushing nmethod 0x0000000002d8f510
Event: 26.151 Thread 0x000000001756e000 flushing nmethod 0x0000000002d94450
Event: 26.152 Executing VM operation: RevokeBias
Event: 26.155 Executing VM operation: RevokeBias done


Dynamic libraries:
0x00007ff70a860000 - 0x00007ff70a897000 	C:\Program Files\Java\jdk1.8.0_221\bin\java.exe
0x00007ffbe9630000 - 0x00007ffbe9825000 	C:\WINDOWS\SYSTEM32\ntdll.dll
0x00007ffbe7680000 - 0x00007ffbe773e000 	C:\WINDOWS\System32\KERNEL32.DLL
0x00007ffbe7210000 - 0x00007ffbe74d9000 	C:\WINDOWS\System32\KERNELBASE.dll
0x00007ffbe9290000 - 0x00007ffbe933c000 	C:\WINDOWS\System32\ADVAPI32.dll
0x00007ffbe7c40000 - 0x00007ffbe7cde000 	C:\WINDOWS\System32\msvcrt.dll
0x00007ffbe7740000 - 0x00007ffbe77db000 	C:\WINDOWS\System32\sechost.dll
0x00007ffbe7e60000 - 0x00007ffbe7f8a000 	C:\WINDOWS\System32\RPCRT4.dll
0x00007ffbe90e0000 - 0x00007ffbe9281000 	C:\WINDOWS\System32\USER32.dll
0x00007ffbe6f80000 - 0x00007ffbe6fa2000 	C:\WINDOWS\System32\win32u.dll
0x00007ffbe9490000 - 0x00007ffbe94bb000 	C:\WINDOWS\System32\GDI32.dll
0x00007ffbe6dd0000 - 0x00007ffbe6edb000 	C:\WINDOWS\System32\gdi32full.dll
0x00007ffbe6ee0000 - 0x00007ffbe6f7d000 	C:\WINDOWS\System32\msvcp_win.dll
0x00007ffbe6fb0000 - 0x00007ffbe70b0000 	C:\WINDOWS\System32\ucrtbase.dll
0x00007ffbdf660000 - 0x00007ffbdf8fa000 	C:\WINDOWS\WinSxS\amd64_microsoft.windows.common-controls_6595b64144ccf1df_6.0.19041.1110_none_60b5254171f9507e\COMCTL32.dll
0x00007ffbe7ba0000 - 0x00007ffbe7bd0000 	C:\WINDOWS\System32\IMM32.DLL
0x0000000054da0000 - 0x0000000054e72000 	C:\Program Files\Java\jdk1.8.0_221\jre\bin\msvcr100.dll
0x00000000519b0000 - 0x0000000052255000 	C:\Program Files\Java\jdk1.8.0_221\jre\bin\server\jvm.dll
0x00007ffbe8600000 - 0x00007ffbe8608000 	C:\WINDOWS\System32\PSAPI.DLL
0x00007ffbe18a0000 - 0x00007ffbe18a9000 	C:\WINDOWS\SYSTEM32\WSOCK32.dll
0x00007ffbe8590000 - 0x00007ffbe85fb000 	C:\WINDOWS\System32\WS2_32.dll
0x00007ffbe0030000 - 0x00007ffbe0057000 	C:\WINDOWS\SYSTEM32\WINMM.dll
0x00007ffbdf350000 - 0x00007ffbdf35a000 	C:\WINDOWS\SYSTEM32\VERSION.dll
0x00007ffbe18c0000 - 0x00007ffbe18cf000 	C:\Program Files\Java\jdk1.8.0_221\jre\bin\verify.dll
0x00007ffbdef30000 - 0x00007ffbdef59000 	C:\Program Files\Java\jdk1.8.0_221\jre\bin\java.dll
0x00007ffbdeee0000 - 0x00007ffbdeef6000 	C:\Program Files\Java\jdk1.8.0_221\jre\bin\zip.dll
0x00007ffbe8940000 - 0x00007ffbe907f000 	C:\WINDOWS\System32\SHELL32.dll
0x00007ffbe4e50000 - 0x00007ffbe55e0000 	C:\WINDOWS\SYSTEM32\windows.storage.dll
0x00007ffbe77e0000 - 0x00007ffbe7b35000 	C:\WINDOWS\System32\combase.dll
0x00007ffbe6750000 - 0x00007ffbe677c000 	C:\WINDOWS\SYSTEM32\Wldp.dll
0x00007ffbe9540000 - 0x00007ffbe95ee000 	C:\WINDOWS\System32\SHCORE.dll
0x00007ffbe9080000 - 0x00007ffbe90d5000 	C:\WINDOWS\System32\shlwapi.dll
0x00007ffbe6c90000 - 0x00007ffbe6caf000 	C:\WINDOWS\SYSTEM32\profapi.dll
0x00007ffbdeec0000 - 0x00007ffbdeeda000 	C:\Program Files\Java\jdk1.8.0_221\jre\bin\net.dll
0x00007ffbddef0000 - 0x00007ffbde0db000 	C:\WINDOWS\SYSTEM32\urlmon.dll
0x00007ffbdd650000 - 0x00007ffbdd900000 	C:\WINDOWS\SYSTEM32\iertutil.dll
0x00007ffbde100000 - 0x00007ffbde128000 	C:\WINDOWS\SYSTEM32\srvcli.dll
0x00007ffbe6290000 - 0x00007ffbe629c000 	C:\WINDOWS\SYSTEM32\netutils.dll
0x00007ffbe6490000 - 0x00007ffbe64fa000 	C:\WINDOWS\system32\mswsock.dll
0x00007ffbdee80000 - 0x00007ffbdee92000 	C:\Program Files\Java\jdk1.8.0_221\jre\bin\nio.dll
0x00007ffbd5f10000 - 0x00007ffbd5f37000 	C:\Users\NUMBER 1\.gradle\native\49d0259a56938c7f99b2704e745ce422c4f750a7a20b539a32ccef96729676b1\windows-amd64\native-platform.dll
0x00007ffbc0a60000 - 0x00007ffbc0bf6000 	C:\Users\NUMBER 1\.gradle\native\12488b8bf47d2d4c9fbf2f6322a914ad602e24e48041cd04a747c6da556b65c4\windows-amd64\native-platform-file-events.dll
0x00007ffbe18b0000 - 0x00007ffbe18bd000 	C:\Program Files\Java\jdk1.8.0_221\jre\bin\management.dll
0x00007ffbe6680000 - 0x00007ffbe6698000 	C:\WINDOWS\SYSTEM32\CRYPTSP.dll
0x00007ffbe5db0000 - 0x00007ffbe5de4000 	C:\WINDOWS\system32\rsaenh.dll
0x00007ffbe6da0000 - 0x00007ffbe6dc7000 	C:\WINDOWS\System32\bcrypt.dll
0x00007ffbe6c50000 - 0x00007ffbe6c7e000 	C:\WINDOWS\SYSTEM32\USERENV.dll
0x00007ffbe75f0000 - 0x00007ffbe7673000 	C:\WINDOWS\System32\bcryptprimitives.dll
0x00007ffbe66a0000 - 0x00007ffbe66ac000 	C:\WINDOWS\SYSTEM32\CRYPTBASE.dll
0x00007ffbe6180000 - 0x00007ffbe61bb000 	C:\WINDOWS\SYSTEM32\IPHLPAPI.DLL
0x00007ffbe8580000 - 0x00007ffbe8588000 	C:\WINDOWS\System32\NSI.dll
0x00007ffbe14d0000 - 0x00007ffbe14e7000 	C:\WINDOWS\SYSTEM32\dhcpcsvc6.DLL
0x00007ffbe1530000 - 0x00007ffbe154d000 	C:\WINDOWS\SYSTEM32\dhcpcsvc.DLL
0x00007ffbe61c0000 - 0x00007ffbe628c000 	C:\WINDOWS\SYSTEM32\DNSAPI.dll

VM Arguments:
jvm_args: -Xmx2048m -Dfile.encoding=windows-1256 -Duser.country=US -Duser.language=en -Duser.variant 
java_command: org.gradle.launcher.daemon.bootstrap.GradleDaemon 6.9
java_class_path (initial): C:\Users\NUMBER 1\.gradle\wrapper\dists\gradle-6.9-all\dooywd8nv05k16orzxge2b1bs\gradle-6.9\lib\gradle-launcher-6.9.jar
Launcher Type: SUN_STANDARD

Environment Variables:
JAVA_HOME=C:\Program Files\Java\jdk1.8.0_221
PATH=C:\Program Files (x86)\Common Files\Oracle\Java\javapath;C:\WINDOWS\system32;C:\WINDOWS;C:\WINDOWS\System32\Wbem;C:\WINDOWS\System32\WindowsPowerShell\v1.0\;C:\Program Files (x86)\ATI Technologies\ATI.ACE\Core-Static;C:\WINDOWS\System32\OpenSSH\;C:\Program Files (x86)\Windows Kits\10\Windows Performance Toolkit\;C:\Program Files\Java\jdk1.8.0_221\bin;C:\Program Files\dotnet\;C:\Program Files\Git\cmd;C:\src\flutter\bin;C:\Program Files\Android\Android Studio\jre\jre;C:\Users\NUMBER 1\AppData\Local\Programs\Python\Python39;C:\Program Files\kotlinc\bin;C:\Program Files\nodejs\;C:\Users\NUMBER 1\AppData\Local\Programs\Python\Python39\Scripts\;C:\Users\NUMBER 1\AppData\Local\Programs\Python\Python39\;C:\Program Files\MySQL\MySQL Shell 8.0\bin\;C:\src\flutter\bin;C:\Users\NUMBER 1\AppData\Local\Programs\Microsoft VS Code\bin;C:\Users\NUMBER 1\AppData\Local\Microsoft\WindowsApps;C:\Program Files\Android\Android Studio\jre\jre;C:\Users\NUMBER 1\AppData\Roaming\npm;C:\Users\NUMBER 1\AppData\Local\GitHubDesktop\bin
USERNAME=«··Â„ ’· ⁄·Ï „Õ„œ
OS=Windows_NT
PROCESSOR_IDENTIFIER=Intel64 Family 6 Model 60 Stepping 3, GenuineIntel



---------------  S Y S T E M  ---------------

OS: Windows 10.0 , 64 bit Build 19041 (10.0.19041.1202)

CPU:total 4 (initial active 4) (2 cores per cpu, 2 threads per core) family 6 model 60 stepping 3, cmov, cx8, fxsr, mmx, sse, sse2, sse3, ssse3, sse4.1, sse4.2, popcnt, avx, avx2, aes, clmul, erms, lzcnt, ht, tsc, tscinvbit, bmi1, bmi2

Memory: 4k page, physical 16680092k(2603348k free), swap 19682460k(5464k free)

vm_info: Java HotSpot(TM) 64-Bit Server VM (25.221-b11) for windows-amd64 JRE (1.8.0_221-b11), built on Jul  4 2019 04:39:29 by "java_re" with MS VC++ 10.0 (VS2010)

time: Tue Oct 05 01:10:43 2021
timezone: Egypt Standard Time
elapsed time: 26 seconds (0d 0h 0m 26s)

